build/app/intermediates/manifest_merge_blame_file/debug/manifest-merger-blame-debug-report.txt
1<?xml version="1.0" encoding="utf-8"?>
2<manifest xmlns:android="http://schemas.android.com/apk/res/android"
3    package="com.artics.chefbangla"
4    android:versionCode="10"
5    android:versionName="2.2.7" >
6
7    <uses-sdk
8        android:minSdkVersion="21"
9        android:targetSdkVersion="34" />
10    <!--
11         Flutter needs it to communicate with the running application
12         to allow setting breakpoints, to provide hot reload, etc.
13    -->
14
15    <uses-permission android:name="android.permission.INTERNET" />
15-->src\main\AndroidManifest.xml:3:5-67
15-->src\main\AndroidManifest.xml:3:22-64
16    <uses-permission android:name="android.permission.ACCESS_FINE_LOCATION" />
16-->src\main\AndroidManifest.xml:4:5-79
16-->src\main\AndroidManifest.xml:4:22-76
17    <uses-permission android:name="android.permission.ACCESS_COARSE_LOCATION" />
17-->src\main\AndroidManifest.xml:5:5-81
17-->src\main\AndroidManifest.xml:5:22-78
18    <uses-permission android:name="android.permission.FOREGROUND_SERVICE" />
18-->src\main\AndroidManifest.xml:6:5-77
18-->src\main\AndroidManifest.xml:6:22-74
19    <uses-permission android:name="android.permission.VIBRATE" />
19-->src\main\AndroidManifest.xml:7:5-66
19-->src\main\AndroidManifest.xml:7:22-63
20    <uses-permission android:name="android.permission.ACCESS_NETWORK_STATE" />
20-->[:connectivity] AndroidManifest.xml:9:5-79
20-->[:connectivity] AndroidManifest.xml:9:22-76
21    <uses-permission android:name="android.permission.WAKE_LOCK" /> <!-- Permissions options for the `notification` group -->
21-->[:firebase_analytics] AndroidManifest.xml:11:5-68
21-->[:firebase_analytics] AndroidManifest.xml:11:22-65
22    <uses-permission android:name="android.permission.POST_NOTIFICATIONS" /> <!-- See https://developer.android.com/training/package-visibility/declaring for more details. -->
22-->[:firebase_messaging] AndroidManifest.xml:13:5-77
22-->[:firebase_messaging] AndroidManifest.xml:13:22-74
23    <queries>
23-->[com.stripe:financial-connections:20.52.2] AndroidManifest.xml:10:5-18:15
24
25        <!-- Added to check the default browser that will host the AuthFlow. -->
26        <intent>
26-->[com.stripe:financial-connections:20.52.2] AndroidManifest.xml:13:9-17:18
27            <action android:name="android.intent.action.VIEW" />
27-->src\main\AndroidManifest.xml:24:16-68
27-->src\main\AndroidManifest.xml:24:24-65
28
29            <data android:scheme="http" />
29-->src\main\AndroidManifest.xml:27:16-74
29-->src\main\AndroidManifest.xml:27:22-71
30        </intent>
31        <intent>
31-->[com.razorpay:standard-core:1.6.45] AndroidManifest.xml:11:9-17:18
32            <action android:name="android.intent.action.VIEW" />
32-->src\main\AndroidManifest.xml:24:16-68
32-->src\main\AndroidManifest.xml:24:24-65
33
34            <data
34-->src\main\AndroidManifest.xml:27:16-74
35                android:mimeType="*/*"
36                android:scheme="*" />
36-->src\main\AndroidManifest.xml:27:22-71
37        </intent>
38        <intent>
38-->[com.razorpay:standard-core:1.6.45] AndroidManifest.xml:18:9-27:18
39            <action android:name="android.intent.action.VIEW" />
39-->src\main\AndroidManifest.xml:24:16-68
39-->src\main\AndroidManifest.xml:24:24-65
40
41            <category android:name="android.intent.category.BROWSABLE" />
41-->src\main\AndroidManifest.xml:26:16-77
41-->src\main\AndroidManifest.xml:26:26-74
42
43            <data
43-->src\main\AndroidManifest.xml:27:16-74
44                android:host="pay"
45                android:mimeType="*/*"
46                android:scheme="upi" />
46-->src\main\AndroidManifest.xml:27:22-71
47        </intent>
48        <intent>
48-->[com.razorpay:standard-core:1.6.45] AndroidManifest.xml:28:9-30:18
49            <action android:name="android.intent.action.MAIN" />
49-->src\main\AndroidManifest.xml:54:17-68
49-->src\main\AndroidManifest.xml:54:25-66
50        </intent>
51        <intent>
51-->[com.razorpay:standard-core:1.6.45] AndroidManifest.xml:31:9-35:18
52            <action android:name="android.intent.action.SEND" />
52-->[com.razorpay:standard-core:1.6.45] AndroidManifest.xml:32:13-65
52-->[com.razorpay:standard-core:1.6.45] AndroidManifest.xml:32:21-62
53
54            <data android:mimeType="*/*" />
54-->src\main\AndroidManifest.xml:27:16-74
55        </intent>
56        <intent>
56-->[com.razorpay:standard-core:1.6.45] AndroidManifest.xml:36:9-38:18
57            <action android:name="rzp.device_token.share" />
57-->[com.razorpay:standard-core:1.6.45] AndroidManifest.xml:37:13-61
57-->[com.razorpay:standard-core:1.6.45] AndroidManifest.xml:37:21-58
58        </intent> <!-- Added to check if Chrome is installed for browser-based payment authentication (e.g. 3DS1). -->
59        <package android:name="com.android.chrome" /> <!-- Needs to be explicitly declared on Android R+ -->
59-->[com.stripe:payments-core:20.52.2] AndroidManifest.xml:11:9-54
59-->[com.stripe:payments-core:20.52.2] AndroidManifest.xml:11:18-51
60        <package android:name="com.google.android.apps.maps" />
60-->[com.google.android.gms:play-services-maps:18.2.0] AndroidManifest.xml:33:9-64
60-->[com.google.android.gms:play-services-maps:18.2.0] AndroidManifest.xml:33:18-61
61        <package android:name="com.facebook.katana" />
61-->[com.facebook.android:facebook-common:17.0.1] AndroidManifest.xml:18:9-55
61-->[com.facebook.android:facebook-common:17.0.1] AndroidManifest.xml:18:18-52
62    </queries>
63
64    <uses-feature
64-->[com.google.android.gms:play-services-maps:18.2.0] AndroidManifest.xml:26:5-28:35
65        android:glEsVersion="0x00020000"
65-->[com.google.android.gms:play-services-maps:18.2.0] AndroidManifest.xml:27:9-41
66        android:required="true" /> <!-- Required by older versions of Google Play services to create IID tokens -->
66-->[com.google.android.gms:play-services-maps:18.2.0] AndroidManifest.xml:28:9-32
67    <uses-permission android:name="com.google.android.c2dm.permission.RECEIVE" />
67-->[com.google.firebase:firebase-messaging:24.1.0] AndroidManifest.xml:26:5-82
67-->[com.google.firebase:firebase-messaging:24.1.0] AndroidManifest.xml:26:22-79
68    <uses-permission android:name="com.google.android.finsky.permission.BIND_GET_INSTALL_REFERRER_SERVICE" />
68-->[com.google.android.gms:play-services-measurement:22.1.2] AndroidManifest.xml:26:5-110
68-->[com.google.android.gms:play-services-measurement:22.1.2] AndroidManifest.xml:26:22-107
69    <uses-permission android:name="com.google.android.gms.permission.AD_ID" />
69-->[com.google.android.gms:play-services-measurement-impl:22.1.2] AndroidManifest.xml:27:5-79
69-->[com.google.android.gms:play-services-measurement-impl:22.1.2] AndroidManifest.xml:27:22-76
70    <uses-permission android:name="android.permission.ACCESS_ADSERVICES_ATTRIBUTION" />
70-->[com.google.android.gms:play-services-measurement-api:22.1.2] AndroidManifest.xml:26:5-88
70-->[com.google.android.gms:play-services-measurement-api:22.1.2] AndroidManifest.xml:26:22-85
71    <uses-permission android:name="android.permission.ACCESS_ADSERVICES_AD_ID" />
71-->[com.google.android.gms:play-services-measurement-api:22.1.2] AndroidManifest.xml:27:5-82
71-->[com.google.android.gms:play-services-measurement-api:22.1.2] AndroidManifest.xml:27:22-79
72
73    <permission
73-->[androidx.core:core:1.13.1] AndroidManifest.xml:22:5-24:47
74        android:name="com.artics.chefbangla.DYNAMIC_RECEIVER_NOT_EXPORTED_PERMISSION"
74-->[androidx.core:core:1.13.1] AndroidManifest.xml:23:9-81
75        android:protectionLevel="signature" />
75-->[androidx.core:core:1.13.1] AndroidManifest.xml:24:9-44
76
77    <uses-permission android:name="com.artics.chefbangla.DYNAMIC_RECEIVER_NOT_EXPORTED_PERMISSION" />
77-->[androidx.core:core:1.13.1] AndroidManifest.xml:26:5-97
77-->[androidx.core:core:1.13.1] AndroidManifest.xml:26:22-94
78
79    <application
79-->src\main\AndroidManifest.xml:8:4-70:19
80        android:appComponentFactory="androidx.core.app.CoreComponentFactory"
80-->[androidx.core:core:1.13.1] AndroidManifest.xml:28:18-86
81        android:debuggable="true"
82        android:enableOnBackInvokedCallback="true"
82-->src\main\AndroidManifest.xml:11:9-51
83        android:icon="@mipmap/launcher_icon"
83-->src\main\AndroidManifest.xml:10:9-45
84        android:label="FoodBank"
84-->src\main\AndroidManifest.xml:9:9-33
85        android:supportsRtl="true" >
85-->[com.facebook.android:facebook-login:17.0.1] AndroidManifest.xml:16:18-44
86        <meta-data
86-->src\main\AndroidManifest.xml:14:8-106
87            android:name="com.facebook.sdk.ApplicationId"
87-->src\main\AndroidManifest.xml:14:19-64
88            android:value="@string/facebook_app_id" />
88-->src\main\AndroidManifest.xml:14:65-104
89        <meta-data
89-->src\main\AndroidManifest.xml:15:8-110
90            android:name="com.facebook.sdk.ClientToken"
90-->src\main\AndroidManifest.xml:15:19-62
91            android:value="@string/facebook_client_token" />
91-->src\main\AndroidManifest.xml:15:63-108
92
93        <activity
93-->src\main\AndroidManifest.xml:16:8-19:47
94            android:name="com.facebook.FacebookActivity"
94-->src\main\AndroidManifest.xml:16:18-62
95            android:configChanges="keyboard|keyboardHidden|screenLayout|screenSize|orientation"
95-->src\main\AndroidManifest.xml:17:12-112
96            android:label="@string/app_name"
96-->src\main\AndroidManifest.xml:19:12-44
97            android:theme="@style/com_facebook_activity_theme" />
97-->[com.facebook.android:facebook-common:17.0.1] AndroidManifest.xml:25:13-63
98        <activity
98-->src\main\AndroidManifest.xml:20:8-29:19
99            android:name="com.facebook.CustomTabActivity"
99-->src\main\AndroidManifest.xml:21:12-57
100            android:exported="true" >
100-->src\main\AndroidManifest.xml:22:12-35
101            <intent-filter>
101-->src\main\AndroidManifest.xml:23:12-28:28
102                <action android:name="android.intent.action.VIEW" />
102-->src\main\AndroidManifest.xml:24:16-68
102-->src\main\AndroidManifest.xml:24:24-65
103
104                <category android:name="android.intent.category.DEFAULT" />
104-->src\main\AndroidManifest.xml:25:16-75
104-->src\main\AndroidManifest.xml:25:26-72
105                <category android:name="android.intent.category.BROWSABLE" />
105-->src\main\AndroidManifest.xml:26:16-77
105-->src\main\AndroidManifest.xml:26:26-74
106
107                <data android:scheme="@string/fb_login_protocol_scheme" />
107-->src\main\AndroidManifest.xml:27:16-74
107-->src\main\AndroidManifest.xml:27:22-71
108            </intent-filter>
109            <intent-filter>
109-->[com.facebook.android:facebook-common:17.0.1] AndroidManifest.xml:31:13-40:29
110                <action android:name="android.intent.action.VIEW" />
110-->src\main\AndroidManifest.xml:24:16-68
110-->src\main\AndroidManifest.xml:24:24-65
111
112                <category android:name="android.intent.category.DEFAULT" />
112-->src\main\AndroidManifest.xml:25:16-75
112-->src\main\AndroidManifest.xml:25:26-72
113                <category android:name="android.intent.category.BROWSABLE" />
113-->src\main\AndroidManifest.xml:26:16-77
113-->src\main\AndroidManifest.xml:26:26-74
114
115                <data
115-->src\main\AndroidManifest.xml:27:16-74
116                    android:host="cct.com.artics.chefbangla"
117                    android:scheme="fbconnect" />
117-->src\main\AndroidManifest.xml:27:22-71
118            </intent-filter>
119        </activity>
120        <activity
120-->src\main\AndroidManifest.xml:31:9-61:20
121            android:name="com.artics.chefbangla.MainActivity"
121-->src\main\AndroidManifest.xml:32:13-41
122            android:configChanges="orientation|keyboardHidden|keyboard|screenSize|smallestScreenSize|locale|layoutDirection|fontScale|screenLayout|density|uiMode"
122-->src\main\AndroidManifest.xml:36:13-163
123            android:exported="true"
123-->src\main\AndroidManifest.xml:33:13-36
124            android:hardwareAccelerated="true"
124-->src\main\AndroidManifest.xml:37:13-47
125            android:launchMode="singleTop"
125-->src\main\AndroidManifest.xml:34:13-43
126            android:theme="@style/LaunchTheme"
126-->src\main\AndroidManifest.xml:35:13-47
127            android:windowSoftInputMode="adjustResize" >
127-->src\main\AndroidManifest.xml:38:13-55
128
129            <!--
130                 Specifies an Android theme to apply to this Activity as soon as
131                 the Android process has started. This theme is visible to the user
132                 while the Flutter UI initializes. After that, this theme continues
133                 to determine the Window background behind the Flutter UI.
134            -->
135            <meta-data
135-->src\main\AndroidManifest.xml:43:13-46:17
136                android:name="io.flutter.embedding.android.NormalTheme"
136-->src\main\AndroidManifest.xml:44:15-70
137                android:resource="@style/NormalTheme" />
137-->src\main\AndroidManifest.xml:45:15-52
138            <!--
139                 Displays an Android View that continues showing the launch screen
140                 Drawable until Flutter paints its first frame, then this splash
141                 screen fades out. A splash screen is useful to avoid any visual
142                 gap between the end of Android's launch screen and the painting of
143                 Flutter's first frame.
144            -->
145
146            <intent-filter>
146-->src\main\AndroidManifest.xml:53:13-56:29
147                <action android:name="android.intent.action.MAIN" />
147-->src\main\AndroidManifest.xml:54:17-68
147-->src\main\AndroidManifest.xml:54:25-66
148
149                <category android:name="android.intent.category.LAUNCHER" />
149-->src\main\AndroidManifest.xml:55:17-76
149-->src\main\AndroidManifest.xml:55:27-74
150            </intent-filter>
151            <intent-filter>
151-->src\main\AndroidManifest.xml:57:13-60:29
152                <action android:name="FLUTTER_NOTIFICATION_CLICK" />
152-->src\main\AndroidManifest.xml:58:17-69
152-->src\main\AndroidManifest.xml:58:25-66
153
154                <category android:name="android.intent.category.DEFAULT" />
154-->src\main\AndroidManifest.xml:25:16-75
154-->src\main\AndroidManifest.xml:25:26-72
155            </intent-filter>
156        </activity>
157        <!--
158             Don't delete the meta-data below.
159             This is used by the Flutter tool to generate GeneratedPluginRegistrant.java
160        -->
161        <meta-data
161-->src\main\AndroidManifest.xml:64:9-66:33
162            android:name="flutterEmbedding"
162-->src\main\AndroidManifest.xml:65:13-44
163            android:value="2" />
163-->src\main\AndroidManifest.xml:66:13-30
164        <meta-data
164-->src\main\AndroidManifest.xml:67:10-68:76
165            android:name="com.google.android.geo.API_KEY"
165-->src\main\AndroidManifest.xml:67:21-66
166            android:value="AIzaSyB3S4fcKMcU-Ll9RSPkCiwdk1jXPmrTC_c" />
166-->src\main\AndroidManifest.xml:68:19-74
167
168        <service
168-->[:firebase_analytics] AndroidManifest.xml:14:9-18:19
169            android:name="com.google.firebase.components.ComponentDiscoveryService"
169-->[:firebase_analytics] AndroidManifest.xml:14:18-89
170            android:directBootAware="true"
170-->[com.google.firebase:firebase-common:21.0.0] AndroidManifest.xml:32:13-43
171            android:exported="false" >
171-->[com.google.firebase:firebase-messaging:24.1.0] AndroidManifest.xml:56:13-37
172            <meta-data
172-->[:firebase_analytics] AndroidManifest.xml:15:13-17:85
173                android:name="com.google.firebase.components:io.flutter.plugins.firebase.analytics.FlutterFirebaseAppRegistrar"
173-->[:firebase_analytics] AndroidManifest.xml:16:17-128
174                android:value="com.google.firebase.components.ComponentRegistrar" />
174-->[:firebase_analytics] AndroidManifest.xml:17:17-82
175            <meta-data
175-->[:firebase_messaging] AndroidManifest.xml:38:13-40:85
176                android:name="com.google.firebase.components:io.flutter.plugins.firebase.messaging.FlutterFirebaseAppRegistrar"
176-->[:firebase_messaging] AndroidManifest.xml:39:17-128
177                android:value="com.google.firebase.components.ComponentRegistrar" />
177-->[:firebase_messaging] AndroidManifest.xml:40:17-82
178            <meta-data
178-->[:firebase_core] AndroidManifest.xml:11:13-13:85
179                android:name="com.google.firebase.components:io.flutter.plugins.firebase.core.FlutterFirebaseCoreRegistrar"
179-->[:firebase_core] AndroidManifest.xml:12:17-124
180                android:value="com.google.firebase.components.ComponentRegistrar" />
180-->[:firebase_core] AndroidManifest.xml:13:17-82
181            <meta-data
181-->[com.google.firebase:firebase-messaging:24.1.0] AndroidManifest.xml:57:13-59:85
182                android:name="com.google.firebase.components:com.google.firebase.messaging.FirebaseMessagingKtxRegistrar"
182-->[com.google.firebase:firebase-messaging:24.1.0] AndroidManifest.xml:58:17-122
183                android:value="com.google.firebase.components.ComponentRegistrar" />
183-->[com.google.firebase:firebase-messaging:24.1.0] AndroidManifest.xml:59:17-82
184            <meta-data
184-->[com.google.firebase:firebase-messaging:24.1.0] AndroidManifest.xml:60:13-62:85
185                android:name="com.google.firebase.components:com.google.firebase.messaging.FirebaseMessagingRegistrar"
185-->[com.google.firebase:firebase-messaging:24.1.0] AndroidManifest.xml:61:17-119
186                android:value="com.google.firebase.components.ComponentRegistrar" />
186-->[com.google.firebase:firebase-messaging:24.1.0] AndroidManifest.xml:62:17-82
187            <meta-data
187-->[com.google.android.gms:play-services-measurement-api:22.1.2] AndroidManifest.xml:37:13-39:85
188                android:name="com.google.firebase.components:com.google.firebase.analytics.connector.internal.AnalyticsConnectorRegistrar"
188-->[com.google.android.gms:play-services-measurement-api:22.1.2] AndroidManifest.xml:38:17-139
189                android:value="com.google.firebase.components.ComponentRegistrar" />
189-->[com.google.android.gms:play-services-measurement-api:22.1.2] AndroidManifest.xml:39:17-82
190            <meta-data
190-->[com.google.firebase:firebase-installations:18.0.0] AndroidManifest.xml:15:13-17:85
191                android:name="com.google.firebase.components:com.google.firebase.installations.FirebaseInstallationsKtxRegistrar"
191-->[com.google.firebase:firebase-installations:18.0.0] AndroidManifest.xml:16:17-130
192                android:value="com.google.firebase.components.ComponentRegistrar" />
192-->[com.google.firebase:firebase-installations:18.0.0] AndroidManifest.xml:17:17-82
193            <meta-data
193-->[com.google.firebase:firebase-installations:18.0.0] AndroidManifest.xml:18:13-20:85
194                android:name="com.google.firebase.components:com.google.firebase.installations.FirebaseInstallationsRegistrar"
194-->[com.google.firebase:firebase-installations:18.0.0] AndroidManifest.xml:19:17-127
195                android:value="com.google.firebase.components.ComponentRegistrar" />
195-->[com.google.firebase:firebase-installations:18.0.0] AndroidManifest.xml:20:17-82
196            <meta-data
196-->[com.google.firebase:firebase-common-ktx:21.0.0] AndroidManifest.xml:12:13-14:85
197                android:name="com.google.firebase.components:com.google.firebase.ktx.FirebaseCommonLegacyRegistrar"
197-->[com.google.firebase:firebase-common-ktx:21.0.0] AndroidManifest.xml:13:17-116
198                android:value="com.google.firebase.components.ComponentRegistrar" />
198-->[com.google.firebase:firebase-common-ktx:21.0.0] AndroidManifest.xml:14:17-82
199            <meta-data
199-->[com.google.firebase:firebase-common:21.0.0] AndroidManifest.xml:35:13-37:85
200                android:name="com.google.firebase.components:com.google.firebase.FirebaseCommonKtxRegistrar"
200-->[com.google.firebase:firebase-common:21.0.0] AndroidManifest.xml:36:17-109
201                android:value="com.google.firebase.components.ComponentRegistrar" />
201-->[com.google.firebase:firebase-common:21.0.0] AndroidManifest.xml:37:17-82
202            <meta-data
202-->[com.google.firebase:firebase-datatransport:18.2.0] AndroidManifest.xml:25:13-27:85
203                android:name="com.google.firebase.components:com.google.firebase.datatransport.TransportRegistrar"
203-->[com.google.firebase:firebase-datatransport:18.2.0] AndroidManifest.xml:26:17-115
204                android:value="com.google.firebase.components.ComponentRegistrar" />
204-->[com.google.firebase:firebase-datatransport:18.2.0] AndroidManifest.xml:27:17-82
205        </service>
206        <service
206-->[:firebase_messaging] AndroidManifest.xml:16:9-19:72
207            android:name="io.flutter.plugins.firebase.messaging.FlutterFirebaseMessagingBackgroundService"
207-->[:firebase_messaging] AndroidManifest.xml:17:13-107
208            android:exported="false"
208-->[:firebase_messaging] AndroidManifest.xml:18:13-37
209            android:permission="android.permission.BIND_JOB_SERVICE" />
209-->[:firebase_messaging] AndroidManifest.xml:19:13-69
210        <service
210-->[:firebase_messaging] AndroidManifest.xml:20:9-26:19
211            android:name="io.flutter.plugins.firebase.messaging.FlutterFirebaseMessagingService"
211-->[:firebase_messaging] AndroidManifest.xml:21:13-97
212            android:exported="false" >
212-->[:firebase_messaging] AndroidManifest.xml:22:13-37
213            <intent-filter>
213-->[:firebase_messaging] AndroidManifest.xml:23:13-25:29
214                <action android:name="com.google.firebase.MESSAGING_EVENT" />
214-->[:firebase_messaging] AndroidManifest.xml:24:17-78
214-->[:firebase_messaging] AndroidManifest.xml:24:25-75
215            </intent-filter>
216        </service>
217
218        <receiver
218-->[:firebase_messaging] AndroidManifest.xml:28:9-35:20
219            android:name="io.flutter.plugins.firebase.messaging.FlutterFirebaseMessagingReceiver"
219-->[:firebase_messaging] AndroidManifest.xml:29:13-98
220            android:exported="true"
220-->[:firebase_messaging] AndroidManifest.xml:30:13-36
221            android:permission="com.google.android.c2dm.permission.SEND" >
221-->[:firebase_messaging] AndroidManifest.xml:31:13-73
222            <intent-filter>
222-->[:firebase_messaging] AndroidManifest.xml:32:13-34:29
223                <action android:name="com.google.android.c2dm.intent.RECEIVE" />
223-->[:firebase_messaging] AndroidManifest.xml:33:17-81
223-->[:firebase_messaging] AndroidManifest.xml:33:25-78
224            </intent-filter>
225        </receiver>
226
227        <provider
227-->[:firebase_messaging] AndroidManifest.xml:43:9-47:38
228            android:name="io.flutter.plugins.firebase.messaging.FlutterFirebaseMessagingInitProvider"
228-->[:firebase_messaging] AndroidManifest.xml:44:13-102
229            android:authorities="com.artics.chefbangla.flutterfirebasemessaginginitprovider"
229-->[:firebase_messaging] AndroidManifest.xml:45:13-88
230            android:exported="false"
230-->[:firebase_messaging] AndroidManifest.xml:46:13-37
231            android:initOrder="99" />
231-->[:firebase_messaging] AndroidManifest.xml:47:13-35
232
233        <activity
233-->[:flutter_paystack] AndroidManifest.xml:10:9-12:54
234            android:name="co.paystack.flutterpaystack.AuthActivity"
234-->[:flutter_paystack] AndroidManifest.xml:11:13-68
235            android:theme="@style/Paystack.Dialog" />
235-->[:flutter_paystack] AndroidManifest.xml:12:13-51
236
237        <provider
237-->[:image_picker_android] AndroidManifest.xml:11:9-19:20
238            android:name="io.flutter.plugins.imagepicker.ImagePickerFileProvider"
238-->[:image_picker_android] AndroidManifest.xml:12:13-82
239            android:authorities="com.artics.chefbangla.flutter.image_provider"
239-->[:image_picker_android] AndroidManifest.xml:13:13-74
240            android:exported="false"
240-->[:image_picker_android] AndroidManifest.xml:14:13-37
241            android:grantUriPermissions="true" >
241-->[:image_picker_android] AndroidManifest.xml:15:13-47
242            <meta-data
242-->[:image_picker_android] AndroidManifest.xml:16:13-18:75
243                android:name="android.support.FILE_PROVIDER_PATHS"
243-->[:image_picker_android] AndroidManifest.xml:17:17-67
244                android:resource="@xml/flutter_image_picker_file_paths" />
244-->[:image_picker_android] AndroidManifest.xml:18:17-72
245        </provider> <!-- Trigger Google Play services to install the backported photo picker module. -->
246        <service
246-->[:image_picker_android] AndroidManifest.xml:21:9-33:19
247            android:name="com.google.android.gms.metadata.ModuleDependencies"
247-->[:image_picker_android] AndroidManifest.xml:22:13-78
248            android:enabled="false"
248-->[:image_picker_android] AndroidManifest.xml:23:13-36
249            android:exported="false" >
249-->[:image_picker_android] AndroidManifest.xml:24:13-37
250            <intent-filter>
250-->[:image_picker_android] AndroidManifest.xml:26:13-28:29
251                <action android:name="com.google.android.gms.metadata.MODULE_DEPENDENCIES" />
251-->[:image_picker_android] AndroidManifest.xml:27:17-94
251-->[:image_picker_android] AndroidManifest.xml:27:25-91
252            </intent-filter>
253
254            <meta-data
254-->[:image_picker_android] AndroidManifest.xml:30:13-32:36
255                android:name="photopicker_activity:0:required"
255-->[:image_picker_android] AndroidManifest.xml:31:17-63
256                android:value="" />
256-->[:image_picker_android] AndroidManifest.xml:32:17-33
257        </service>
258        <service
258-->[:geolocator_android] AndroidManifest.xml:10:9-14:56
259            android:name="com.baseflow.geolocator.GeolocatorLocationService"
259-->[:geolocator_android] AndroidManifest.xml:11:13-77
260            android:enabled="true"
260-->[:geolocator_android] AndroidManifest.xml:12:13-35
261            android:exported="false"
261-->[:geolocator_android] AndroidManifest.xml:13:13-37
262            android:foregroundServiceType="location" />
262-->[:geolocator_android] AndroidManifest.xml:14:13-53
263        <service
263-->[:location] AndroidManifest.xml:13:9-17:56
264            android:name="com.lyokone.location.FlutterLocationService"
264-->[:location] AndroidManifest.xml:14:13-71
265            android:enabled="true"
265-->[:location] AndroidManifest.xml:15:13-35
266            android:exported="false"
266-->[:location] AndroidManifest.xml:16:13-37
267            android:foregroundServiceType="location" />
267-->[:location] AndroidManifest.xml:17:13-53
268
269        <activity
269-->[:url_launcher_android] AndroidManifest.xml:10:9-13:74
270            android:name="io.flutter.plugins.urllauncher.WebViewActivity"
270-->[:url_launcher_android] AndroidManifest.xml:11:13-74
271            android:exported="false"
271-->[:url_launcher_android] AndroidManifest.xml:12:13-37
272            android:theme="@android:style/Theme.NoTitleBar.Fullscreen" />
272-->[:url_launcher_android] AndroidManifest.xml:13:13-71
273        <activity
273-->[com.stripe:financial-connections:20.52.2] AndroidManifest.xml:21:9-65:20
274            android:name="com.stripe.android.financialconnections.FinancialConnectionsSheetRedirectActivity"
274-->[com.stripe:financial-connections:20.52.2] AndroidManifest.xml:22:13-109
275            android:exported="true"
275-->[com.stripe:financial-connections:20.52.2] AndroidManifest.xml:23:13-36
276            android:launchMode="singleTask" >
276-->[com.stripe:financial-connections:20.52.2] AndroidManifest.xml:24:13-44
277            <intent-filter>
277-->[com.stripe:financial-connections:20.52.2] AndroidManifest.xml:25:13-64:29
278                <action android:name="android.intent.action.VIEW" />
278-->src\main\AndroidManifest.xml:24:16-68
278-->src\main\AndroidManifest.xml:24:24-65
279
280                <category android:name="android.intent.category.DEFAULT" />
280-->src\main\AndroidManifest.xml:25:16-75
280-->src\main\AndroidManifest.xml:25:26-72
281                <category android:name="android.intent.category.BROWSABLE" />
281-->src\main\AndroidManifest.xml:26:16-77
281-->src\main\AndroidManifest.xml:26:26-74
282
283                <!-- Returning from app2app: return_url is triggered to reopen web AuthFlow and poll accounts. -->
284                <data
284-->src\main\AndroidManifest.xml:27:16-74
285                    android:host="link-accounts"
286                    android:pathPrefix="/com.artics.chefbangla/authentication_return"
287                    android:scheme="stripe-auth" />
287-->src\main\AndroidManifest.xml:27:22-71
288
289                <!-- Returning from app2app: return_url is triggered to reopen native AuthFlow and poll accounts. -->
290                <data
290-->src\main\AndroidManifest.xml:27:16-74
291                    android:host="link-native-accounts"
292                    android:pathPrefix="/com.artics.chefbangla/authentication_return"
293                    android:scheme="stripe-auth" />
293-->src\main\AndroidManifest.xml:27:22-71
294
295                <!-- End of web AuthFlow success and cancel URIs that begin with "stripe-auth://link-accounts/{app-id}/...” -->
296                <data
296-->src\main\AndroidManifest.xml:27:16-74
297                    android:host="link-accounts"
298                    android:path="/com.artics.chefbangla/success"
299                    android:scheme="stripe-auth" />
299-->src\main\AndroidManifest.xml:27:22-71
300                <data
300-->src\main\AndroidManifest.xml:27:16-74
301                    android:host="link-accounts"
302                    android:path="/com.artics.chefbangla/cancel"
303                    android:scheme="stripe-auth" />